[debug] [2022-11-22T18:20:30.054Z] ----------------------------------------------------------------------
[debug] [2022-11-22T18:20:30.058Z] Command:       C:\Program Files\nodejs\node.exe C:\Users\user\AppData\Roaming\npm\node_modules\firebase-tools\lib\bin\firebase.js init
[debug] [2022-11-22T18:20:30.059Z] CLI Version:   11.16.0
[debug] [2022-11-22T18:20:30.060Z] Platform:      win32
[debug] [2022-11-22T18:20:30.060Z] Node Version:  v18.12.0
[debug] [2022-11-22T18:20:30.080Z] Time:          Wed Nov 23 2022 00:20:30 GMT+0600 (Bangladesh Standard Time)
[debug] [2022-11-22T18:20:30.080Z] ----------------------------------------------------------------------
[debug] 
[debug] [2022-11-22T18:20:30.089Z] >>> [apiv2][query] GET https://firebase-public.firebaseio.com/cli.json [none]
[debug] [2022-11-22T18:20:30.288Z] > command requires scopes: ["email","openid","https://www.googleapis.com/auth/cloudplatformprojects.readonly","https://www.googleapis.com/auth/firebase","https://www.googleapis.com/auth/cloud-platform"]
[debug] [2022-11-22T18:20:30.289Z] > authorizing via signed-in user (mdrubelahmedrana521@gmail.com)
[info] 
     ######## #### ########  ######## ########     ###     ######  ########
     ##        ##  ##     ## ##       ##     ##  ##   ##  ##       ##
     ######    ##  ########  ######   ########  #########  ######  ######
     ##        ##  ##    ##  ##       ##     ## ##     ##       ## ##
     ##       #### ##     ## ######## ########  ##     ##  ######  ########

You're about to initialize a Firebase project in this directory:

  H:\Milestone-11(Backend)\Module-67(Ema-john)\ema-john-client

Before we get started, keep in mind:

  * You are initializing within an existing Firebase project directory

[debug] [2022-11-22T18:20:31.557Z] <<< [apiv2][status] GET https://firebase-public.firebaseio.com/cli.json 200
[debug] [2022-11-22T18:20:31.559Z] <<< [apiv2][body] GET https://firebase-public.firebaseio.com/cli.json {"cloudBuildErrorAfter":1594252800000,"cloudBuildWarnAfter":1590019200000,"defaultNode10After":1594252800000,"minVersion":"3.0.5","node8DeploysDisabledAfter":1613390400000,"node8RuntimeDisabledAfter":1615809600000,"node8WarnAfter":1600128000000}
[info] 
=== Project Setup
[info] 
[info] First, let's associate this project directory with a Firebase project.
[info] You can create multiple project aliases by running firebase use --add, 
[info] but for now we'll just set up a default project.
[info] 
[debug] [2022-11-22T18:20:44.031Z] Using project from CLI flag: ema-john-simple-a7a92
[debug] [2022-11-22T18:20:44.032Z] > refreshing access token with scopes: []
[debug] [2022-11-22T18:20:44.034Z] >>> [apiv2][query] POST https://www.googleapis.com/oauth2/v3/token [none]
[debug] [2022-11-22T18:20:44.034Z] >>> [apiv2][body] POST https://www.googleapis.com/oauth2/v3/token [omitted]
[debug] [2022-11-22T18:20:44.489Z] <<< [apiv2][status] POST https://www.googleapis.com/oauth2/v3/token 200
[debug] [2022-11-22T18:20:44.489Z] <<< [apiv2][body] POST https://www.googleapis.com/oauth2/v3/token [omitted]
[debug] [2022-11-22T18:20:44.513Z] >>> [apiv2][query] GET https://firebase.googleapis.com/v1beta1/projects/ema-john-simple-a7a92 [none]
[debug] [2022-11-22T18:20:45.527Z] <<< [apiv2][status] GET https://firebase.googleapis.com/v1beta1/projects/ema-john-simple-a7a92 403
[debug] [2022-11-22T18:20:45.528Z] <<< [apiv2][body] GET https://firebase.googleapis.com/v1beta1/projects/ema-john-simple-a7a92 {"error":{"code":403,"message":"The caller does not have permission","status":"PERMISSION_DENIED"}}
[debug] [2022-11-22T18:20:45.532Z] HTTP Error: 403, The caller does not have permission
[debug] [2022-11-22T18:20:45.944Z] FirebaseError: HTTP Error: 403, The caller does not have permission
    at responseToError (C:\Users\user\AppData\Roaming\npm\node_modules\firebase-tools\lib\responseToError.js:49:12)
    at RetryOperation._fn (C:\Users\user\AppData\Roaming\npm\node_modules\firebase-tools\lib\apiv2.js:288:77)
    at process.processTicksAndRejections (node:internal/process/task_queues:95:5)
[error] 
[error] Error: Failed to get Firebase project ema-john-simple-a7a92. Please make sure the project exists and your account has permission to access it.
